<?xml version="1.0" encoding="UTF-8"?>
<!-- Generated by org.testng.reporters.JUnitReportReporter -->
<testsuite hostname="DESKTOP-LRFGOJA" failures="0" tests="1" name="Test.TestLoginSuccessful" time="7.475" errors="0" timestamp="2021-09-27T20:53:27 ICT" skipped="0">
  <testcase classname="Test.TestLoginSuccessful" name="TestLoginSuccessful" time="7.475"/>
  <system-out/>
</testsuite> <!-- Test.TestLoginSuccessful -->
