<?xml version="1.0" encoding="UTF-8"?>
<!-- Generated by org.testng.reporters.JUnitReportReporter -->
<testsuite hostname="DESKTOP-LRFGOJA" failures="0" tests="3" name="Test.Testing" time="20.923" errors="0" timestamp="2021-09-27T21:09:44 ICT" skipped="0">
  <testcase classname="Test.Testing" name="Testing" time="4.712"/>
  <system-out/>
  <testcase classname="Test.Testing" name="Testing" time="6.422"/>
  <system-out/>
  <testcase classname="Test.Testing" name="Testing" time="9.789"/>
  <system-out/>
</testsuite> <!-- Test.Testing -->
